TN:s_test
SF:/home/directpi/GitMyProjects/MyProjects/CPP_projects/CPP3_Brick_Game/src/brick_game/snake/model/s_model.cpp
FN:106,113,_ZN5snake5Snake17setSnakeDirectionERKSt4pairIiiE
FN:115,127,_ZN5snake5Snake11createSnakeEv
FN:129,140,_ZN5snake11snake_pauseEv
FN:142,165,_ZN5snake11setGameOverEb
FN:167,216,_ZN5snake5Snake9moveSnakeEv
FN:17,53,_ZN5snake4Game11setGameInfoEv
FN:218,228,_ZN5snake18updateCurrentStateEv
FN:230,258,_ZN5snake3fsmEv
FN:260,269,_ZN5snake11snake_spawnEv
FN:271,274,_ZN5snake8isPausedEv
FN:276,279,_ZN5snake10isGameOverEv
FN:281,284,_ZN5snake9isGameWonEv
FN:286,290,_ZN5snake10setGameWonEv
FN:292,295,_ZN5snake6movingEv
FN:297,307,_ZN5snake10timer_moveEv
FN:309,314,_ZN5snake15snake_game_exitEv
FN:315,315,_ZN5snake15snake_game_overEv
FN:317,317,_ZN5snake14snake_game_winEv
FN:319,331,_ZN5snake5Field17snake_clear_fieldEPPi
FN:333,349,_ZN5snake4Game19game_field_mem_freeEP10GameInfo_t
FN:351,351,_ZN5snake4GameD2Ev
FN:353,376,_ZN5snake4Game9initFieldEv
FN:378,412,_ZN5snake5Field10placeAppleEv
FN:414,428,_ZN5snake5Field19initializeFreeCellsEv
FN:430,444,_ZN5snake5Field15updateFreeCellsERKSt4pairIiiEb
FN:446,450,_ZN5snake4Game11getMaxScoreEv
FN:452,452,_ZN5snake4Game11setMaxScoreEm
FN:454,463,_ZN5snake4Game18increaseSpeedLevelEv
FN:465,469,_ZN5snake4Game13setLevelToOneEv
FN:470,478,_ZN5snake22snake_check_high_scoreEP10GameInfo_t
FN:55,58,_ZN5snake5Snake17getSnakeDirectionEv
FN:60,104,_ZN5snake4turnEv
FNDA:3,_ZN5snake5Snake17setSnakeDirectionERKSt4pairIiiE
FNDA:9,_ZN5snake5Snake11createSnakeEv
FNDA:3,_ZN5snake11snake_pauseEv
FNDA:3,_ZN5snake11setGameOverEb
FNDA:5,_ZN5snake5Snake9moveSnakeEv
FNDA:6,_ZN5snake4Game11setGameInfoEv
FNDA:5,_ZN5snake18updateCurrentStateEv
FNDA:5,_ZN5snake3fsmEv
FNDA:5,_ZN5snake11snake_spawnEv
FNDA:5,_ZN5snake8isPausedEv
FNDA:3,_ZN5snake10isGameOverEv
FNDA:6,_ZN5snake9isGameWonEv
FNDA:2,_ZN5snake10setGameWonEv
FNDA:3,_ZN5snake6movingEv
FNDA:5,_ZN5snake10timer_moveEv
FNDA:1,_ZN5snake15snake_game_exitEv
FNDA:2,_ZN5snake15snake_game_overEv
FNDA:1,_ZN5snake14snake_game_winEv
FNDA:6,_ZN5snake5Field17snake_clear_fieldEPPi
FNDA:27,_ZN5snake4Game19game_field_mem_freeEP10GameInfo_t
FNDA:1,_ZN5snake4GameD2Ev
FNDA:17,_ZN5snake4Game9initFieldEv
FNDA:7,_ZN5snake5Field10placeAppleEv
FNDA:18,_ZN5snake5Field19initializeFreeCellsEv
FNDA:68,_ZN5snake5Field15updateFreeCellsERKSt4pairIiiEb
FNDA:4,_ZN5snake4Game11getMaxScoreEv
FNDA:1,_ZN5snake4Game11setMaxScoreEm
FNDA:17,_ZN5snake4Game18increaseSpeedLevelEv
FNDA:1,_ZN5snake4Game13setLevelToOneEv
FNDA:1,_ZN5snake22snake_check_high_scoreEP10GameInfo_t
FNDA:2,_ZN5snake5Snake17getSnakeDirectionEv
FNDA:6,_ZN5snake4turnEv
FNF:32
FNH:32
DA:17,6
DA:18,6
DA:19,5
DA:20,5
DA:23,21
DA:24,16
DA:25,16
DA:26,16
DA:30,5
DA:31,5
DA:32,5
DA:37,5
DA:38,20
DA:39,16
DA:44,5
DA:45,4
DA:46,4
DA:47,4
DA:48,0
DA:50,4
DA:53,6
DA:55,2
DA:56,2
DA:57,2
DA:60,6
DA:61,6
DA:62,6
DA:65,6
DA:66,0
DA:67,0
DA:68,0
DA:69,0
DA:70,0
DA:75,6
DA:76,4
DA:77,4
DA:78,0
DA:79,4
DA:80,0
DA:85,2
DA:86,1
DA:87,1
DA:88,0
DA:89,1
DA:90,1
DA:95,1
DA:96,1
DA:97,1
DA:98,0
DA:99,1
DA:100,1
DA:104,6
DA:106,3
DA:107,3
DA:109,3
DA:110,1
DA:111,2
DA:113,3
DA:115,9
DA:116,9
DA:117,9
DA:118,9
DA:119,45
DA:121,36
DA:123,36
DA:125,36
DA:127,9
DA:129,3
DA:130,3
DA:131,3
DA:132,1
DA:133,1
DA:134,2
DA:135,2
DA:136,2
DA:137,0
DA:138,0
DA:140,3
DA:142,3
DA:143,3
DA:144,3
DA:145,3
DA:146,0
DA:147,3
DA:149,3
DA:150,3
DA:151,3
DA:153,0
DA:154,0
DA:155,0
DA:156,0
DA:157,0
DA:158,0
DA:159,0
DA:160,0
DA:162,3
DA:163,3
DA:164,3
DA:165,3
DA:167,5
DA:168,5
DA:169,5
DA:170,5
DA:171,5
DA:172,5
DA:173,0
DA:174,15
DA:175,15
DA:176,5
DA:177,5
DA:178,5
DA:180,5
DA:181,5
DA:182,21
DA:183,16
DA:184,2
DA:185,2
DA:189,13
DA:190,13
DA:191,3
DA:192,3
DA:194,1
DA:195,1
DA:196,1
DA:197,1
DA:198,1
DA:199,1
DA:200,1
DA:201,1
DA:203,3
DA:204,2
DA:205,2
DA:206,2
DA:207,2
DA:208,2
DA:210,2
DA:212,1
DA:216,5
DA:218,5
DA:219,5
DA:221,5
DA:222,0
DA:224,5
DA:225,5
DA:226,5
DA:227,5
DA:230,5
DA:231,5
DA:255,5
DA:256,5
DA:257,5
DA:258,5
DA:260,5
DA:261,5
DA:262,5
DA:263,5
DA:264,5
DA:265,5
DA:266,5
DA:267,5
DA:268,5
DA:269,5
DA:271,5
DA:272,5
DA:273,5
DA:276,3
DA:277,3
DA:278,3
DA:281,6
DA:282,6
DA:283,6
DA:286,2
DA:287,2
DA:288,2
DA:289,2
DA:290,2
DA:292,3
DA:293,3
DA:294,3
DA:295,3
DA:297,5
DA:298,5
DA:299,5
DA:300,1
DA:301,1
DA:302,1
DA:303,0
DA:304,0
DA:307,5
DA:309,1
DA:310,1
DA:311,1
DA:312,1
DA:313,1
DA:314,1
DA:315,2
DA:317,1
DA:319,6
DA:320,6
DA:321,0
DA:322,0
DA:324,126
DA:325,120
DA:326,0
DA:327,0
DA:329,120
DA:333,27
DA:334,27
DA:335,0
DA:336,0
DA:339,27
DA:340,357
DA:341,340
DA:342,340
DA:343,340
DA:346,17
DA:347,17
DA:351,1
DA:353,17
DA:356,357
DA:357,357
DA:358,3740
DA:360,0
DA:362,0
DA:363,0
DA:364,0
DA:365,0
DA:368,0
DA:369,0
DA:371,0
DA:372,0
DA:373,0
DA:374,17
DA:375,17
DA:376,17
DA:378,7
DA:379,7
DA:381,7
DA:382,0
DA:384,7
DA:385,0
DA:389,7
DA:390,7
DA:392,7
DA:394,7
DA:397,7
DA:400,7
DA:403,7
DA:404,7
DA:405,0
DA:408,7
DA:411,7
DA:412,7
DA:414,18
DA:415,18
DA:416,18
DA:417,378
DA:418,3960
DA:419,3600
DA:423,30
DA:424,12
DA:425,12
DA:426,12
DA:428,18
DA:430,68
DA:431,68
DA:432,68
DA:433,0
DA:434,0
DA:435,0
DA:437,68
DA:439,61
DA:442,7
DA:446,4
DA:448,4
DA:449,4
DA:452,1
DA:454,17
DA:455,17
DA:457,21
DA:458,4
DA:459,4
DA:460,4
DA:461,8
DA:463,17
DA:465,1
DA:466,1
DA:467,1
DA:468,1
DA:469,1
DA:470,1
DA:471,1
DA:472,1
DA:473,1
DA:474,1
DA:475,1
DA:478,1
LF:297
LH:250
end_of_record
TN:s_test
SF:/home/directpi/GitMyProjects/MyProjects/CPP_projects/CPP3_Brick_Game/src/brick_game/snake/model/s_model.hpp
FN:106,106,_ZN5snake5SnakeD2Ev
FN:109,112,_ZN5snake5Snake11getInstanceEv
FN:129,132,_ZNK5snake9pair_hashclIiiEEmRKSt4pairIT_T0_E
FN:138,138,_ZN5snake5FieldC2Ev
FN:145,145,_ZN5snake5FieldD2Ev
FN:148,151,_ZN5snake5Field11getInstanceEv
FN:29,38,_ZN5snake4GameC2Ev
FN:48,51,_ZN5snake4Game11getInstanceEv
FN:54,54,_ZNK5snake4Game8getFieldEv
FN:57,57,_ZN5snake4Game8getScoreEv
FN:58,58,_ZN5snake4Game9plusScoreEv
FN:59,59,_ZN5snake4Game14setScoreToZeroEv
FN:63,63,_ZNK5snake4Game8getLevelEv
FN:64,64,_ZN5snake4Game8setLevelEi
FN:68,68,_ZNK5snake4Game8getSpeedEv
FN:69,69,_ZN5snake4Game8setSpeedEi
FN:72,72,_ZN5snake4Game8setPauseEi
FN:77,77,_ZN5snake4Game11getGameInfoEv
FN:80,80,_ZN5snake4Game15getCurrentStateEv
FN:81,81,_ZN5snake4Game15setCurrentStateE11GameState_t
FN:83,83,_ZN5snake4Game13getUserActionEv
FN:84,84,_ZN5snake4Game13setUserActionE12UserAction_t
FN:86,93,_ZN5snake4Game5resetEv
FN:99,99,_ZN5snake5SnakeC2Ev
FNDA:1,_ZN5snake5SnakeD2Ev
FNDA:66,_ZN5snake5Snake11getInstanceEv
FNDA:3668,_ZNK5snake9pair_hashclIiiEEmRKSt4pairIT_T0_E
FNDA:1,_ZN5snake5FieldC2Ev
FNDA:1,_ZN5snake5FieldD2Ev
FNDA:51,_ZN5snake5Field11getInstanceEv
FNDA:1,_ZN5snake4GameC2Ev
FNDA:118,_ZN5snake4Game11getInstanceEv
FNDA:61,_ZNK5snake4Game8getFieldEv
FNDA:38,_ZN5snake4Game8getScoreEv
FNDA:28,_ZN5snake4Game9plusScoreEv
FNDA:1,_ZN5snake4Game14setScoreToZeroEv
FNDA:15,_ZNK5snake4Game8getLevelEv
FNDA:5,_ZN5snake4Game8setLevelEi
FNDA:7,_ZNK5snake4Game8getSpeedEv
FNDA:7,_ZN5snake4Game8setSpeedEi
FNDA:7,_ZN5snake4Game8setPauseEi
FNDA:474,_ZN5snake4Game11getGameInfoEv
FNDA:61,_ZN5snake4Game15getCurrentStateEv
FNDA:19,_ZN5snake4Game15setCurrentStateE11GameState_t
FNDA:6,_ZN5snake4Game13getUserActionEv
FNDA:8,_ZN5snake4Game13setUserActionE12UserAction_t
FNDA:26,_ZN5snake4Game5resetEv
FNDA:1,_ZN5snake5SnakeC2Ev
FNF:24
FNH:24
DA:29,1
DA:30,1
DA:31,1
DA:32,1
DA:33,1
DA:34,1
DA:35,1
DA:36,1
DA:37,1
DA:38,1
DA:48,118
DA:49,118
DA:50,118
DA:54,61
DA:57,38
DA:58,28
DA:59,1
DA:63,15
DA:64,5
DA:68,7
DA:69,7
DA:72,7
DA:77,474
DA:80,61
DA:81,19
DA:83,6
DA:84,8
DA:86,26
DA:87,26
DA:88,26
DA:89,26
DA:90,26
DA:91,26
DA:92,26
DA:93,26
DA:99,1
DA:106,1
DA:109,66
DA:110,66
DA:111,66
DA:117,1
DA:129,3668
DA:130,3668
DA:131,3668
DA:138,1
DA:145,1
DA:148,51
DA:149,51
DA:150,51
LF:49
LH:49
end_of_record
